{
  "stats": {
    "suites": 4,
    "tests": 4,
    "passes": 4,
    "pending": 0,
    "failures": 0,
    "start": "2021-11-04T18:03:24.493Z",
    "end": "2021-11-04T18:03:24.514Z",
    "duration": 21,
    "testsRegistered": 4,
    "passPercent": 100,
    "pendingPercent": 0,
    "other": 0,
    "hasOther": false,
    "skipped": 0,
    "hasSkipped": false
  },
  "results": [
    {
      "uuid": "3e1b35c7-52a4-4847-ac4b-fd0a04144e88",
      "title": "",
      "fullFile": "",
      "file": "",
      "beforeHooks": [],
      "afterHooks": [],
      "tests": [],
      "suites": [
        {
          "uuid": "044e4b77-dd09-4c12-8397-2c1d8c5badd4",
          "title": "alphanumeric function - true",
          "fullFile": "C:\\Users\\PC1\\Documents\\TypeScriptProject\\test\\test.js",
          "file": "\\test\\test.js",
          "beforeHooks": [],
          "afterHooks": [],
          "tests": [
            {
              "title": "Should return true if string is all alphanumeric",
              "fullTitle": "alphanumeric function - true Should return true if string is all alphanumeric",
              "timedOut": false,
              "duration": 0,
              "state": "passed",
              "speed": "fast",
              "pass": true,
              "fail": false,
              "pending": false,
              "context": null,
              "code": "assert.equal(alphanumeric('kkk'), true);",
              "err": {},
              "uuid": "36c25237-d220-4ada-aa87-d9b8e34fe878",
              "parentUUID": "044e4b77-dd09-4c12-8397-2c1d8c5badd4",
              "isHook": false,
              "skipped": false
            }
          ],
          "suites": [],
          "passes": [
            "36c25237-d220-4ada-aa87-d9b8e34fe878"
          ],
          "failures": [],
          "pending": [],
          "skipped": [],
          "duration": 0,
          "root": false,
          "rootEmpty": false,
          "_timeout": 2000
        },
        {
          "uuid": "877387fd-f53a-4265-b169-d0e3ef268848",
          "title": "alphanumeric function - false",
          "fullFile": "C:\\Users\\PC1\\Documents\\TypeScriptProject\\test\\test.js",
          "file": "\\test\\test.js",
          "beforeHooks": [],
          "afterHooks": [],
          "tests": [
            {
              "title": "Should return false if string is not all alphanumeric",
              "fullTitle": "alphanumeric function - false Should return false if string is not all alphanumeric",
              "timedOut": false,
              "duration": 1,
              "state": "passed",
              "speed": "fast",
              "pass": true,
              "fail": false,
              "pending": false,
              "context": null,
              "code": "assert.equal(alphanumeric('kk$k'), false);",
              "err": {},
              "uuid": "33c0653d-2b62-4b2e-a8f4-796839d1295a",
              "parentUUID": "877387fd-f53a-4265-b169-d0e3ef268848",
              "isHook": false,
              "skipped": false
            }
          ],
          "suites": [],
          "passes": [
            "33c0653d-2b62-4b2e-a8f4-796839d1295a"
          ],
          "failures": [],
          "pending": [],
          "skipped": [],
          "duration": 1,
          "root": false,
          "rootEmpty": false,
          "_timeout": 2000
        },
        {
          "uuid": "4a74f7ed-4dff-485c-bc47-35711a1103b1",
          "title": "reverseString function",
          "fullFile": "C:\\Users\\PC1\\Documents\\TypeScriptProject\\test\\test.js",
          "file": "\\test\\test.js",
          "beforeHooks": [],
          "afterHooks": [],
          "tests": [
            {
              "title": "Should reverse the string",
              "fullTitle": "reverseString function Should reverse the string",
              "timedOut": false,
              "duration": 1,
              "state": "passed",
              "speed": "fast",
              "pass": true,
              "fail": false,
              "pending": false,
              "context": null,
              "code": "assert.equal(reverseString('abcd'), 'dcba');",
              "err": {},
              "uuid": "9b692757-4143-479d-9d5e-ff5dc0ac510e",
              "parentUUID": "4a74f7ed-4dff-485c-bc47-35711a1103b1",
              "isHook": false,
              "skipped": false
            }
          ],
          "suites": [],
          "passes": [
            "9b692757-4143-479d-9d5e-ff5dc0ac510e"
          ],
          "failures": [],
          "pending": [],
          "skipped": [],
          "duration": 1,
          "root": false,
          "rootEmpty": false,
          "_timeout": 2000
        },
        {
          "uuid": "53bbd7d3-579d-4d81-8087-2d88d593e3ca",
          "title": "flipCase function",
          "fullFile": "C:\\Users\\PC1\\Documents\\TypeScriptProject\\test\\test.js",
          "file": "\\test\\test.js",
          "beforeHooks": [],
          "afterHooks": [],
          "tests": [
            {
              "title": "should flip the casing in the input string",
              "fullTitle": "flipCase function should flip the casing in the input string",
              "timedOut": false,
              "duration": 0,
              "state": "passed",
              "speed": "fast",
              "pass": true,
              "fail": false,
              "pending": false,
              "context": null,
              "code": "assert.equal(flipCase(\"AbCD\"), 'aBcd');",
              "err": {},
              "uuid": "e11f1961-1fb7-47b2-b4f5-bd1522c2e6e7",
              "parentUUID": "53bbd7d3-579d-4d81-8087-2d88d593e3ca",
              "isHook": false,
              "skipped": false
            }
          ],
          "suites": [],
          "passes": [
            "e11f1961-1fb7-47b2-b4f5-bd1522c2e6e7"
          ],
          "failures": [],
          "pending": [],
          "skipped": [],
          "duration": 0,
          "root": false,
          "rootEmpty": false,
          "_timeout": 2000
        }
      ],
      "passes": [],
      "failures": [],
      "pending": [],
      "skipped": [],
      "duration": 0,
      "root": true,
      "rootEmpty": true,
      "_timeout": 2000
    }
  ],
  "meta": {
    "mocha": {
      "version": "9.1.3"
    },
    "mochawesome": {
      "options": {
        "quiet": false,
        "reportFilename": "mochawesome",
        "saveHtml": true,
        "saveJson": true,
        "consoleReporter": "spec",
        "useInlineDiffs": false,
        "code": true
      },
      "version": "7.0.0"
    },
    "marge": {
      "options": null,
      "version": "6.0.0"
    }
  }
}